   ▲ Next.js 16.0.10 (Turbopack)
   - Local:         http://localhost:3000
   - Network:       http://10.107.131.222:3000
   - Environments: .env.local

 ✓ Starting...
[baseline-browser-mapping] The data in this module is over two months old.  To ensure accurate Baseline data, please update: `npm i baseline-browser-mapping@latest -D`
 ✓ Ready in 801ms
 GET /login 200 in 1843ms (compile: 1735ms, render: 109ms)
 ⚠ Cross origin request detected from 0.0.0.0 to /_next/* resource. In a future major version of Next.js, you will need to explicitly configure "allowedDevOrigins" in next.config to allow this.
Read more: https://nextjs.org/docs/app/api-reference/config/next-config-js/allowedDevOrigins
 HEAD /login 200 in 12ms (compile: 1707µs, render: 11ms)
 GET /login 200 in 32ms (compile: 6ms, render: 26ms)
 GET /drive 200 in 397ms (compile: 389ms, render: 8ms)
(node:31875) [DEP0060] DeprecationWarning: The `util._extend` API is deprecated. Please use Object.assign() instead.
(Use `node --trace-deprecation ...` to show where the warning was created)
 GET /login 200 in 19ms (compile: 3ms, render: 16ms)
 GET /login 200 in 13ms (compile: 904µs, render: 12ms)
 GET /drive 200 in 40ms (compile: 9ms, render: 30ms)
 GET /drive 200 in 26ms (compile: 2ms, render: 24ms)
 GET / 307 in 200ms (compile: 175ms, render: 26ms)
 GET /login 200 in 17ms (compile: 3ms, render: 14ms)
 GET / 307 in 20ms (compile: 1329µs, render: 19ms)
 GET /login 200 in 10ms (compile: 752µs, render: 9ms)
 GET /login 200 in 189ms (compile: 39ms, render: 150ms)
 GET /login 200 in 189ms (compile: 5ms, render: 183ms)
 GET / 307 in 190ms (compile: 2ms, render: 187ms)
 GET /login 200 in 204ms (compile: 12ms, render: 192ms)
 GET /login 200 in 184ms (compile: 6ms, render: 178ms)
 GET /login 200 in 157ms (compile: 8ms, render: 150ms)
 GET /login 200 in 22ms (compile: 1699µs, render: 20ms)
 GET /drive 200 in 60ms (compile: 5ms, render: 55ms)
 GET /drive 200 in 46ms (compile: 3ms, render: 43ms)
 GET /drive 200 in 35ms (compile: 976µs, render: 34ms)
 GET /drive 200 in 31ms (compile: 3ms, render: 28ms)
 GET /drive 200 in 97ms (compile: 6ms, render: 91ms)
 GET /drive 200 in 94ms (compile: 4ms, render: 91ms)
 GET /drive 200 in 86ms (compile: 5ms, render: 82ms)
 GET /drive 200 in 88ms (compile: 12ms, render: 75ms)
 GET /drive 200 in 76ms (compile: 7ms, render: 70ms)
 GET /drive 200 in 67ms (compile: 4ms, render: 64ms)
 GET /drive 200 in 116ms (compile: 13ms, render: 102ms)
 GET /drive 200 in 51ms (compile: 2ms, render: 48ms)
 GET /drive 200 in 73ms (compile: 3ms, render: 70ms)
 GET /drive 200 in 25ms (compile: 1863µs, render: 23ms)
 GET /drive 200 in 24ms (compile: 1693µs, render: 23ms)
 GET /drive 200 in 69ms (compile: 6ms, render: 62ms)
 GET /drive 200 in 62ms (compile: 3ms, render: 59ms)
 GET /login 200 in 40ms (compile: 3ms, render: 37ms)
 GET /drive 200 in 30ms (compile: 4ms, render: 27ms)
 GET /drive 200 in 17ms (compile: 1830µs, render: 15ms)
 GET /drive 200 in 30ms (compile: 3ms, render: 28ms)
 GET / 307 in 51ms (compile: 8ms, render: 43ms)
 GET /login 200 in 21ms (compile: 4ms, render: 18ms)
 GET /login 200 in 94ms (compile: 11ms, render: 83ms)
 GET /login 200 in 28ms (compile: 5ms, render: 22ms)
 GET /login 200 in 21ms (compile: 3ms, render: 18ms)
 GET /login 200 in 25ms (compile: 7ms, render: 18ms)
